<?xml version="1.0" encoding="UTF-8"?>
<!-- Generated by org.testng.reporters.JUnitReportReporter -->
<testsuite hostname="Bhargavi" failures="0" tests="4" name="reports.DataProviderTest" time="45.340" errors="0" timestamp="2024-11-08T13:05:19 IST" skipped="0">
  <testcase classname="reports.DataProviderTest" name="loginTest" time="12.912"/>
  <system-out/>
  <testcase classname="reports.DataProviderTest" name="loginTest" time="6.540"/>
  <system-out/>
  <testcase classname="reports.DataProviderTest" name="loginTest" time="21.089"/>
  <system-out/>
  <testcase classname="reports.DataProviderTest" name="loginTest" time="4.799"/>
  <system-out/>
</testsuite> <!-- reports.DataProviderTest -->
