<?xml version="1.0" encoding="UTF-8"?>
<!-- Generated by org.testng.reporters.JUnitReportReporter -->
<testsuite hostname="Bhargavi" failures="0" tests="1" name="testNG.SampleTest" time="0.015" errors="0" timestamp="2024-11-04T13:48:43 IST" skipped="0">
  <testcase classname="testNG.SampleTest" name="demo" time="0.015"/>
  <system-out>
    <![CDATA[Hello World]]>
  </system-out>
</testsuite> <!-- testNG.SampleTest -->
