<?xml version="1.0" encoding="UTF-8"?>
<!-- Generated by org.testng.reporters.JUnitReportReporter -->
<testsuite hostname="Bhargavi" failures="0" tests="1" name="assertions.WhyNotIfElse" time="0.013" errors="0" timestamp="2024-11-08T11:57:31 IST" skipped="0">
  <testcase classname="assertions.WhyNotIfElse" name="demo" time="0.013"/>
  <system-out/>
</testsuite> <!-- assertions.WhyNotIfElse -->
